Arguments: 
  C:\Program Files\nodejs\node.exe C:\Users\ehabi\AppData\Roaming\npm\node_modules\yarn\bin\yarn.js add pdf-pars

PATH: 
  C:\Program Files\Git\mingw64\bin;C:\Program Files\Git\usr\bin;C:\Users\ehabi\bin;C:\Windows\system32;C:\Windows;C:\Windows\System32\Wbem;C:\Windows\System32\WindowsPowerShell\v1.0;C:\Windows\System32\OpenSSH;C:\Program Files\dotnet;C:\Program Files\Microsoft SQL Server\130\Tools\Binn;C:\Program Files\Microsoft SQL Server\Client SDK\ODBC\170\Tools\Binn;C:\Program Files (x86)\QuickTime\QTSystem;C:\Program Files\nodejs;C:\xampp\php;C:\ProgramData\ComposerSetup\bin;C:\Program Files\Git\cmd;C:\Program Files\PuTTY;C:\Android;C:\WINDOWS\system32;C:\WINDOWS;C:\WINDOWS\System32\Wbem;C:\WINDOWS\System32\WindowsPowerShell\v1.0;C:\WINDOWS\System32\OpenSSH;C:\Program Files (x86)\NVIDIA Corporation\PhysX\Common;C:\Program Files\NVIDIA Corporation\NVIDIA NvDLISR;C:\Program Files\Docker\Docker\resources\bin;C:\ProgramData\DockerDesktop\version-bin;C:\Program Files\Amazon\AWSCLIV2;C:\Users\ehabi\AppData\Local\Programs\Python\Python36\Scripts;C:\Users\ehabi\AppData\Local\Programs\Python\Python36;C:\Users\ehabi\AppData\Local\Microsoft\WindowsApps;C:\Users\ehabi\AppData\Local\Programs\Microsoft VS Code\bin;C:\Program Files\JetBrains\IntelliJ IDEA 2018.3.5\bin;C:\Users\ehabi\AppData\Local\GitHubDesktop\bin;C:\Users\ehabi\AppData\Roaming\npm;C:\Users\ehabi\AppData\Roaming\Composer\vendor\bin;C:\Program Files\JetBrains\PhpStorm 2019.2.1\bin;C:\Python2;.;C:\Users\ehabi\AppData\Local\Microsoft\WindowsApps;C:\Program Files\heroku\bin;C:\Users\ehabi\AppData\Local\atom\bin

Yarn version: 
  1.22.4

Node version: 
  10.16.3

Platform: 
  win32 x64

Trace: 
  Error: https://registry.yarnpkg.com/pdf-pars: Not found
      at Request.params.callback [as _callback] (C:\Users\ehabi\AppData\Roaming\npm\node_modules\yarn\lib\cli.js:66987:18)
      at Request.self.callback (C:\Users\ehabi\AppData\Roaming\npm\node_modules\yarn\lib\cli.js:140748:22)
      at Request.emit (events.js:198:13)
      at Request.<anonymous> (C:\Users\ehabi\AppData\Roaming\npm\node_modules\yarn\lib\cli.js:141720:10)
      at Request.emit (events.js:198:13)
      at IncomingMessage.<anonymous> (C:\Users\ehabi\AppData\Roaming\npm\node_modules\yarn\lib\cli.js:141642:12)
      at Object.onceWrapper (events.js:286:20)
      at IncomingMessage.emit (events.js:203:15)
      at endReadableNT (_stream_readable.js:1145:12)
      at process._tickCallback (internal/process/next_tick.js:63:19)

npm manifest: 
  {
    "name": "orxan",
    "version": "1.0.0",
    "description": "",
    "main": "index.js",
    "scripts": {
      "test": "echo \"Error: no test specified\" && exit 1"
    },
    "author": "",
    "license": "ISC"
  }

yarn manifest: 
  No manifest

Lockfile: 
  No lockfile
